___ v1.0 ___
totalcmd
7-zip
winrar
chrome
firefox
opera
notepad++
dosbox
operagx
paint.net
msedge
messenger
amcap
hwinfo
vlc
skype
process_hacker
irfan_view
ezvid
bandicam
crystaldiskinfo
winzip
audacity
avg
avast
eset
tor
cd_burnerxp
windirstat
utorrent
adobe_reader
ccleaner
rufus
recuva
aida
bluestacks
___ v1.1 ___
directx
anydesk
teamviewer
seznam_browser
libreoffice
.net_framework4.8
.net_framework6.0
thunderbird
win10mediacreationtool
jre8
whatsapp
pspad
hamachi
filezilla
virtualbox
powerdvd
daemontools
virtualclonedrive